<?xml version="1.0" encoding="UTF-8"?>
<robot generator="Robot 7.3.1 (Python 3.10.0 on win32)" generated="2025-06-20T00:05:23.060897" rpa="false" schemaversion="5">
<suite id="s1" name="Tests" source="C:\Users\bever\Desktop\robot-demo\tests">
<suite id="s1-s1" name="Test Selenium" source="C:\Users\bever\Desktop\robot-demo\tests\test_selenium.robot">
<test id="s1-s1-t1" name="Open Example Website" line="8">
<kw name="Open Browser" owner="SeleniumLibrary">
<msg time="2025-06-20T00:05:23.583006" level="INFO">Opening browser 'Chrome' to base url 'https://example.com'.</msg>
<arg>${URL}</arg>
<arg>Chrome</arg>
<doc>Opens a new browser instance to the optional ``url``.</doc>
<status status="PASS" start="2025-06-20T00:05:23.581967" elapsed="30.579470"/>
</kw>
<kw name="Title Should Be" owner="SeleniumLibrary">
<msg time="2025-06-20T00:05:54.173306" level="INFO">Page title is 'Example Domain'.</msg>
<arg>Example Domain</arg>
<doc>Verifies that the current page title equals ``title``.</doc>
<status status="PASS" start="2025-06-20T00:05:54.161437" elapsed="0.011869"/>
</kw>
<kw name="Close Browser" owner="SeleniumLibrary">
<doc>Closes the current browser.</doc>
<status status="PASS" start="2025-06-20T00:05:54.173306" elapsed="2.872748"/>
</kw>
<status status="PASS" start="2025-06-20T00:05:23.580930" elapsed="33.466123"/>
</test>
<status status="PASS" start="2025-06-20T00:05:23.092981" elapsed="33.954072"/>
</suite>
<status status="PASS" start="2025-06-20T00:05:23.063729" elapsed="33.986271"/>
</suite>
<statistics>
<total>
<stat pass="1" fail="0" skip="0">All Tests</stat>
</total>
<tag>
</tag>
<suite>
<stat name="Tests" id="s1" pass="1" fail="0" skip="0">Tests</stat>
<stat name="Test Selenium" id="s1-s1" pass="1" fail="0" skip="0">Tests.Test Selenium</stat>
</suite>
</statistics>
<errors>
</errors>
</robot>
